[0mGET / [36m304[0m 213.583 ms - -[0m
[0mGET / [36m304[0m 31.334 ms - -[0m
[0mGET /favicon.ico [33m404[0m 8.551 ms - 150[0m
[0mGET /users/sign-in [36m304[0m 10.267 ms - -[0m
[0mGET /users/auth/google [36m302[0m 12.043 ms - 0[0m
[0mGET /users/auth/google/callback?code=4%2F0AfJohXmg95QXpG8EIhmH0OK_0Z7YgBJRdAYxgdSzCZUByhiWuMIWS3dkz59XeTFCi0jueA&scope=email+profile+https%3A%2F%2Fwww.googleapis.com%2Fauth%2Fuserinfo.profile+https%3A%2F%2Fwww.googleapis.com%2Fauth%2Fuserinfo.email+openid&authuser=0&prompt=consent [36m302[0m 650.528 ms - 46[0m
[0mGET / [32m200[0m 47.948 ms - 6540[0m
[0mGET /users/sign-out [36m302[0m 9.774 ms - 46[0m
[0mGET / [32m200[0m 16.987 ms - 5897[0m
[0mGET / [36m304[0m 51.137 ms - -[0m
[0mGET /users/sign-in [36m304[0m 22.397 ms - -[0m
[0mGET /users/auth/google [36m302[0m 13.371 ms - 0[0m
[0mGET /users/auth/google/callback?code=4%2F0AfJohXnd_D3IY3ZT7dVHYfKrQqBXUfRAV2zCfCZ17fZ24eWco1YOzzdk5qRlfTXxziqBag&scope=email+profile+https%3A%2F%2Fwww.googleapis.com%2Fauth%2Fuserinfo.profile+https%3A%2F%2Fwww.googleapis.com%2Fauth%2Fuserinfo.email+openid&authuser=0&prompt=consent [36m302[0m 1274.719 ms - 46[0m
[0mGET / [32m200[0m 51.315 ms - 6540[0m
[0mGET /users/profile/65422f8342b442d38d47c4fe [32m200[0m 30.301 ms - 2696[0m
[0mPOST /friendships/add/?from_user=65422f6342b442d38d47c4fb&to_user=65422f8342b442d38d47c4fe [36m302[0m 133.876 ms - 164[0m
[0mGET /users/profile/65422f8342b442d38d47c4fe [32m200[0m 43.991 ms - 2705[0m
[0mGET / [32m200[0m 47.308 ms - 6777[0m
[0mPOST /posts/create [32m200[0m 34.556 ms - 416[0m
[0mPOST /likes/toggle/?id=65a6665f0370ba6a22c75f3e&type=Post [32m200[0m 66.721 ms - 57[0m
[0mGET /users/profile/65422f8342b442d38d47c4fe [36m304[0m 29.236 ms - -[0m
[0mPOST /friendships/remove/?from_user=65422f6342b442d38d47c4fb&to_user=65422f8342b442d38d47c4fe [36m302[0m 36.225 ms - 164[0m
[0mGET /users/profile/65422f8342b442d38d47c4fe [32m200[0m 16.165 ms - 2696[0m
[0mGET / [32m200[0m 45.085 ms - 8520[0m
[0mGET /posts/destroy/65a6665f0370ba6a22c75f3e [32m200[0m 42.084 ms - 72[0m
[0mGET /users/sign-out [36m302[0m 9.811 ms - 46[0m
[0mGET / [32m200[0m 22.647 ms - 5897[0m
[0mGET / [36m304[0m 66.418 ms - -[0m
[0mGET / [36m304[0m 95.982 ms - -[0m
[0mGET / [31m500[0m 46.009 ms - 2395[0m
[0mGET / [31m500[0m 44.692 ms - 2395[0m
[0mGET / [32m200[0m 14.418 ms - 5973[0m
[0mGET /favicon.ico [33m404[0m 2.923 ms - 150[0m
[0mGET / [32m200[0m 22.178 ms - 5974[0m
[0mGET /favicon.ico [33m404[0m 3.292 ms - 150[0m
[0mGET / [32m200[0m 97.997 ms - 5894[0m
[0mGET / [32m200[0m 39.547 ms - 5887[0m
